SF:lib/skins/skin_manager.dart
DA:12,1
DA:13,3
DA:21,2
DA:22,2
DA:23,2
DA:25,1
DA:27,1
DA:28,3
DA:29,1
DA:30,0
DA:31,0
DA:35,0
DA:38,2
DA:39,2
DA:40,2
DA:41,3
DA:44,2
DA:45,1
DA:49,1
DA:50,1
DA:51,2
DA:52,1
DA:55,1
DA:57,2
DA:58,2
DA:59,2
DA:65,1
DA:67,1
DA:69,1
DA:71,1
DA:72,1
DA:76,1
DA:78,1
DA:80,1
DA:82,1
DA:83,1
LF:36
LH:33
end_of_record
SF:lib/controllers/auth_controller.dart
DA:10,0
DA:25,0
DA:26,0
DA:27,0
DA:28,0
DA:31,0
DA:32,0
DA:33,0
DA:34,0
DA:36,0
DA:37,0
DA:40,0
DA:41,0
DA:42,0
DA:44,0
DA:45,0
DA:46,0
DA:51,0
DA:57,0
DA:58,0
DA:59,0
DA:61,0
DA:67,0
DA:70,0
DA:71,0
DA:72,0
DA:74,0
DA:75,0
DA:76,0
DA:81,0
DA:82,0
DA:83,0
DA:84,0
DA:86,0
DA:87,0
DA:90,0
DA:91,0
DA:93,0
DA:94,0
DA:95,0
DA:100,0
DA:105,0
DA:106,0
DA:107,0
DA:108,0
DA:110,0
DA:111,0
DA:114,0
DA:115,0
DA:116,0
DA:118,0
DA:119,0
DA:120,0
DA:125,0
DA:126,0
DA:127,0
LF:56
LH:0
end_of_record
SF:lib/core/interfaces/panel_adapter.dart
DA:12,0
DA:19,0
DA:34,0
DA:41,0
DA:48,0
DA:58,0
DA:70,0
DA:77,0
DA:84,0
DA:94,0
LF:10
LH:0
end_of_record
SF:lib/core/result.dart
DA:5,1
DA:7,0
DA:8,0
DA:10,0
DA:12,0
DA:17,0
DA:18,0
DA:22,0
DA:24,0
DA:25,0
DA:31,1
DA:36,0
LF:12
LH:2
end_of_record
SF:lib/features/auth/auth_use_case.dart
DA:11,0
DA:24,0
DA:25,0
DA:28,0
DA:29,0
DA:30,0
DA:34,0
DA:35,0
DA:36,0
DA:38,0
DA:39,0
DA:42,0
DA:43,0
DA:48,0
DA:50,0
DA:51,0
DA:59,0
DA:60,0
DA:64,0
DA:66,0
DA:67,0
DA:68,0
DA:69,0
DA:71,0
DA:72,0
DA:76,0
DA:78,0
DA:79,0
DA:80,0
DA:82,0
DA:83,0
DA:84,0
DA:85,0
DA:87,0
DA:88,0
DA:92,0
DA:95,0
DA:98,0
DA:99,0
DA:103,0
DA:104,0
DA:105,0
DA:108,0
DA:109,0
DA:110,0
DA:114,0
DA:115,0
DA:116,0
DA:119,0
DA:120,0
DA:121,0
DA:123,0
DA:126,0
DA:127,0
DA:128,0
DA:131,0
DA:132,0
DA:133,0
LF:58
LH:0
end_of_record
SF:lib/features/auth/auth_notifier.dart
DA:6,0
DA:9,0
DA:11,0
DA:12,0
DA:13,0
DA:16,0
DA:17,0
DA:18,0
DA:22,0
LF:9
LH:0
end_of_record
SF:lib/controllers/diag_controller.dart
DA:12,0
DA:20,0
DA:21,0
DA:22,0
DA:23,0
DA:26,0
DA:27,0
DA:30,0
DA:31,0
DA:32,0
DA:34,0
DA:36,0
DA:37,0
DA:40,0
DA:41,0
DA:42,0
DA:43,0
DA:44,0
DA:46,0
DA:47,0
DA:48,0
DA:49,0
LF:22
LH:0
end_of_record
SF:lib/core/models/traffic_stats.dart
DA:3,1
LF:1
LH:1
end_of_record
SF:lib/infrastructure/logging/app_logger.dart
DA:12,3
DA:15,0
DA:17,0
DA:19,0
DA:20,0
DA:24,0
DA:25,0
DA:27,1
DA:28,1
DA:30,1
DA:31,1
DA:33,0
DA:34,0
DA:35,0
DA:36,0
DA:39,1
DA:40,1
DA:43,1
DA:44,1
DA:45,1
DA:46,0
DA:49,1
DA:50,3
DA:52,2
DA:53,3
DA:55,0
DA:56,0
DA:58,3
DA:62,1
DA:64,2
DA:65,2
DA:66,2
LF:32
LH:19
end_of_record
SF:lib/infrastructure/logging/log_file_manager.dart
DA:10,0
DA:11,0
DA:19,0
DA:21,0
DA:22,0
DA:23,0
DA:24,0
DA:26,0
DA:30,0
DA:31,0
DA:32,0
DA:35,0
DA:36,0
DA:38,0
DA:39,0
DA:40,0
DA:41,0
DA:42,0
DA:43,0
DA:48,0
DA:49,0
DA:50,0
DA:51,0
DA:52,0
DA:53,0
DA:54,0
DA:55,0
DA:57,0
DA:61,0
DA:62,0
DA:64,0
DA:68,0
DA:69,0
DA:70,0
DA:71,0
DA:73,0
DA:74,0
DA:75,0
DA:76,0
DA:78,0
DA:79,0
DA:80,0
DA:81,0
DA:84,0
DA:85,0
DA:88,0
DA:89,0
DA:93,0
DA:94,0
DA:95,0
DA:98,0
DA:99,0
DA:100,0
DA:103,0
DA:104,0
DA:105,0
DA:106,0
LF:57
LH:0
end_of_record
SF:lib/features/connection/connection_use_case.dart
DA:11,0
DA:23,0
DA:24,0
DA:25,0
DA:26,0
DA:28,0
DA:29,0
DA:32,0
DA:33,0
DA:34,0
DA:36,0
DA:37,0
DA:38,0
DA:41,0
DA:42,0
DA:43,0
DA:44,0
DA:45,0
DA:46,0
DA:47,0
DA:50,0
DA:51,0
DA:52,0
DA:53,0
DA:54,0
DA:55,0
DA:58,0
DA:59,0
DA:60,0
DA:61,0
DA:65,0
DA:66,0
DA:68,0
DA:69,0
DA:73,0
DA:74,0
DA:75,0
DA:76,0
DA:77,0
DA:80,0
DA:81,0
DA:82,0
DA:83,0
DA:84,0
DA:85,0
DA:88,0
DA:90,0
DA:91,0
DA:92,0
DA:94,0
DA:99,0
DA:100,0
DA:101,0
DA:102,0
DA:103,0
DA:104,0
DA:105,0
DA:110,0
DA:111,0
DA:112,0
LF:60
LH:0
end_of_record
SF:lib/controllers/home_controller.dart
DA:16,0
DA:23,0
DA:24,0
DA:25,0
DA:26,0
DA:39,0
DA:40,0
DA:41,0
DA:42,0
DA:43,0
DA:44,0
DA:45,0
DA:46,0
DA:47,0
DA:48,0
DA:50,0
DA:51,0
DA:53,0
DA:56,0
DA:57,0
DA:60,0
DA:61,0
DA:62,0
DA:63,0
DA:66,0
DA:67,0
DA:68,0
DA:71,0
DA:72,0
DA:73,0
DA:76,0
DA:77,0
DA:78,0
DA:81,0
DA:82,0
DA:84,0
DA:85,0
DA:88,0
DA:89,0
DA:92,0
DA:94,0
DA:95,0
DA:96,0
LF:43
LH:0
end_of_record
SF:lib/core/models/proxy_node.dart
DA:3,0
DA:33,0
DA:37,0
DA:38,0
DA:39,0
DA:40,0
DA:41,0
DA:42,0
DA:43,0
DA:44,0
DA:45,0
DA:46,0
DA:52,0
DA:53,0
DA:54,0
DA:55,0
DA:56,0
DA:57,0
DA:58,0
DA:59,0
DA:60,0
DA:61,0
DA:62,0
DA:66,0
DA:67,0
DA:68,0
DA:69,0
DA:70,0
DA:71,0
DA:72,0
DA:73,0
DA:74,0
DA:75,0
DA:78,0
DA:79,0
LF:35
LH:0
end_of_record
SF:lib/features/node/node_notifier.dart
DA:12,0
DA:23,0
DA:24,0
DA:25,0
DA:26,0
DA:27,0
DA:29,0
DA:30,0
DA:31,0
DA:32,0
DA:33,0
DA:34,0
DA:35,0
DA:36,0
DA:37,0
DA:41,0
DA:42,0
DA:43,0
DA:47,0
DA:48,0
DA:49,0
DA:51,0
DA:53,0
DA:54,0
DA:55,0
DA:56,0
DA:57,0
DA:58,0
DA:59,0
DA:61,0
DA:62,0
DA:64,0
DA:67,0
DA:68,0
DA:69,0
DA:70,0
DA:71,0
DA:72,0
DA:73,0
DA:76,0
DA:77,0
DA:78,0
DA:81,0
DA:82,0
DA:83,0
DA:87,0
DA:88,0
DA:89,0
DA:90,0
DA:91,0
DA:92,0
DA:93,0
DA:97,0
DA:98,0
DA:99,0
DA:100,0
DA:102,0
DA:103,0
DA:104,0
DA:105,0
DA:106,0
DA:107,0
DA:108,0
DA:113,0
DA:114,0
DA:117,0
DA:118,0
DA:119,0
DA:120,0
DA:121,0
DA:122,0
DA:123,0
DA:124,0
DA:125,0
DA:126,0
DA:128,0
DA:129,0
DA:130,0
DA:131,0
LF:79
LH:0
end_of_record
SF:lib/controllers/knowledge_controller.dart
DA:11,0
DA:22,0
DA:23,0
DA:24,0
DA:25,0
DA:28,0
DA:29,0
DA:30,0
DA:31,0
DA:33,0
DA:34,0
DA:37,0
DA:38,0
DA:39,0
DA:40,0
DA:42,0
DA:45,0
DA:46,0
DA:47,0
DA:48,0
DA:50,0
DA:51,0
DA:54,0
DA:55,0
DA:56,0
DA:57,0
DA:59,0
DA:62,0
DA:63,0
LF:29
LH:0
end_of_record
SF:lib/core/models/commercial/notice.dart
DA:3,0
DA:20,0
DA:39,0
DA:54,0
DA:64,0
LF:5
LH:0
end_of_record
SF:lib/features/knowledge/knowledge_use_case.dart
DA:9,0
DA:16,0
DA:21,0
DA:22,0
DA:23,0
DA:24,0
DA:28,0
DA:30,0
DA:34,0
DA:36,0
DA:37,0
DA:38,0
DA:39,0
DA:41,0
DA:45,0
DA:46,0
DA:47,0
LF:17
LH:0
end_of_record
SF:lib/controllers/node_controller.dart
DA:13,0
DA:18,0
DA:24,0
DA:27,0
DA:28,0
DA:29,0
DA:30,0
DA:31,0
DA:32,0
DA:33,0
DA:34,0
DA:35,0
DA:36,0
DA:39,0
DA:40,0
DA:43,0
DA:44,0
DA:47,0
DA:48,0
DA:51,0
DA:52,0
DA:55,0
DA:56,0
DA:59,0
DA:60,0
DA:61,0
DA:62,0
DA:65,0
DA:67,0
DA:68,0
LF:30
LH:0
end_of_record
SF:lib/infrastructure/storage/preferences.dart
DA:5,0
DA:10,0
DA:11,0
DA:12,0
DA:16,0
DA:17,0
DA:23,0
DA:24,0
DA:28,0
DA:29,0
DA:33,0
DA:34,0
DA:38,0
DA:39,0
DA:43,0
DA:44,0
DA:45,0
DA:49,0
DA:50,0
LF:19
LH:0
end_of_record
SF:lib/controllers/notice_controller.dart
DA:11,0
DA:21,0
DA:22,0
DA:23,0
DA:26,0
DA:27,0
DA:28,0
DA:29,0
DA:31,0
DA:32,0
DA:35,0
DA:36,0
DA:37,0
DA:38,0
DA:40,0
DA:43,0
DA:44,0
LF:17
LH:0
end_of_record
SF:lib/features/notice/notice_use_case.dart
DA:9,0
DA:16,0
DA:18,0
DA:19,0
DA:20,0
DA:21,0
DA:23,0
DA:27,0
DA:28,0
DA:29,0
LF:10
LH:0
end_of_record
SF:lib/controllers/order_controller.dart
DA:12,0
DA:25,0
DA:26,0
DA:27,0
DA:28,0
DA:29,0
DA:32,0
DA:33,0
DA:34,0
DA:35,0
DA:37,0
DA:38,0
DA:41,0
DA:42,0
DA:43,0
DA:44,0
DA:46,0
DA:49,0
DA:50,0
DA:51,0
DA:52,0
DA:54,0
DA:55,0
DA:58,0
DA:59,0
DA:60,0
DA:61,0
DA:63,0
DA:66,0
DA:67,0
DA:69,0
DA:70,0
DA:72,0
DA:73,0
DA:74,0
DA:79,0
DA:80,0
DA:82,0
DA:83,0
DA:84,0
DA:85,0
DA:86,0
DA:87,0
DA:88,0
DA:93,0
DA:94,0
DA:95,0
DA:96,0
DA:97,0
DA:99,0
DA:103,0
DA:104,0
DA:107,0
DA:109,0
DA:110,0
LF:55
LH:0
end_of_record
SF:lib/core/models/commercial/order.dart
DA:14,0
DA:15,0
DA:20,0
DA:56,0
DA:58,0
DA:59,0
DA:60,0
DA:65,0
DA:94,0
DA:112,0
LF:10
LH:0
end_of_record
SF:lib/features/order/order_use_case.dart
DA:9,0
DA:16,0
DA:18,0
DA:19,0
DA:20,0
DA:21,0
DA:23,0
DA:27,0
DA:29,0
DA:30,0
DA:31,0
DA:32,0
DA:34,0
DA:38,0
DA:40,0
DA:41,0
DA:42,0
DA:43,0
DA:45,0
DA:49,0
DA:51,0
DA:52,0
DA:53,0
DA:54,0
DA:56,0
DA:60,0
DA:62,0
DA:63,0
DA:64,0
DA:65,0
DA:67,0
DA:71,0
DA:72,0
DA:73,0
LF:34
LH:0
end_of_record
SF:lib/controllers/profile_controller.dart
DA:15,0
DA:33,0
DA:34,0
DA:35,0
DA:36,0
DA:39,0
DA:40,0
DA:41,0
DA:42,0
DA:44,0
DA:45,0
DA:48,0
DA:49,0
DA:50,0
DA:51,0
DA:53,0
DA:56,0
DA:57,0
DA:58,0
DA:59,0
DA:61,0
DA:65,0
DA:68,0
DA:69,0
DA:71,0
DA:72,0
DA:73,0
DA:78,0
DA:79,0
DA:80,0
DA:81,0
DA:84,0
DA:85,0
DA:86,0
DA:87,0
DA:89,0
DA:90,0
DA:93,0
DA:94,0
DA:95,0
DA:96,0
DA:98,0
DA:101,0
DA:102,0
DA:104,0
DA:105,0
DA:107,0
DA:108,0
DA:109,0
LF:49
LH:0
end_of_record
SF:lib/core/models/panel_user.dart
DA:3,0
DA:35,0
DA:37,0
DA:38,0
DA:39,0
DA:43,0
DA:45,0
DA:46,0
DA:47,0
DA:48,0
DA:49,0
DA:50,0
DA:51,0
DA:53,0
DA:54,0
DA:55,0
DA:56,0
DA:57,0
DA:61,0
DA:62,0
DA:63,0
DA:64,0
DA:65,0
DA:66,0
DA:67,0
DA:68,0
DA:69,0
DA:70,0
DA:73,0
DA:82,0
DA:83,0
DA:84,0
DA:85,0
DA:86,0
DA:87,0
DA:88,0
DA:89,0
DA:90,0
DA:91,0
DA:98,0
DA:120,0
LF:41
LH:0
end_of_record
SF:lib/core/models/commercial/invite.dart
DA:3,0
DA:30,0
DA:44,0
DA:49,0
LF:4
LH:0
end_of_record
SF:lib/features/profile/profile_use_case.dart
DA:13,0
DA:20,0
DA:21,0
DA:24,0
DA:28,0
DA:29,0
DA:30,0
DA:31,0
DA:32,0
DA:34,0
DA:38,0
DA:40,0
DA:41,0
DA:42,0
DA:43,0
DA:45,0
DA:49,0
DA:54,0
DA:55,0
DA:56,0
DA:57,0
DA:59,0
DA:63,0
DA:65,0
DA:66,0
DA:67,0
DA:68,0
DA:70,0
DA:74,0
DA:79,0
DA:80,0
DA:81,0
DA:82,0
DA:85,0
DA:89,0
DA:91,0
DA:92,0
DA:93,0
DA:94,0
DA:96,0
DA:100,0
DA:101,0
DA:103,0
DA:104,0
DA:105,0
LF:45
LH:0
end_of_record
SF:lib/features/invite/invite_use_case.dart
DA:9,0
DA:16,0
DA:18,0
DA:19,0
DA:20,0
DA:21,0
DA:23,0
DA:27,0
DA:29,0
DA:30,0
DA:31,0
DA:32,0
DA:34,0
DA:38,0
DA:40,0
DA:41,0
DA:42,0
DA:43,0
DA:45,0
DA:49,0
DA:51,0
DA:52,0
DA:53,0
DA:54,0
DA:56,0
DA:60,0
DA:61,0
DA:62,0
LF:28
LH:0
end_of_record
SF:lib/controllers/settings_controller.dart
DA:10,0
DA:13,0
DA:18,0
DA:21,0
DA:22,0
DA:23,0
DA:26,0
DA:27,0
DA:28,0
DA:31,0
DA:33,0
DA:35,0
DA:39,0
DA:40,0
DA:41,0
DA:44,0
DA:46,0
DA:47,0
LF:18
LH:0
end_of_record
SF:lib/features/settings/locale_notifier.dart
DA:6,0
DA:7,0
DA:8,0
DA:9,0
DA:10,0
DA:11,0
DA:12,0
DA:17,0
DA:19,0
DA:20,0
DA:21,0
DA:22,0
DA:23,0
DA:24,0
DA:25,0
DA:28,0
DA:29,0
DA:30,0
DA:31,0
LF:19
LH:0
end_of_record
SF:lib/controllers/splash_controller.dart
DA:12,0
DA:28,0
DA:29,0
DA:32,0
DA:34,0
DA:36,0
DA:37,0
DA:39,0
DA:42,0
DA:43,0
DA:45,0
DA:46,0
DA:49,0
DA:51,0
DA:54,0
DA:55,0
DA:57,0
DA:59,0
DA:60,0
DA:66,0
DA:68,0
LF:21
LH:0
end_of_record
SF:lib/features/node/node_use_case.dart
DA:12,0
DA:19,0
DA:21,0
DA:23,0
DA:24,0
DA:28,0
DA:29,0
DA:30,0
DA:31,0
DA:32,0
DA:34,0
DA:38,0
DA:40,0
DA:41,0
DA:42,0
DA:43,0
DA:44,0
DA:46,0
DA:48,0
DA:51,0
DA:52,0
DA:54,0
DA:55,0
DA:56,0
DA:58,0
DA:59,0
DA:62,0
DA:68,0
DA:69,0
DA:70,0
DA:73,0
DA:74,0
DA:75,0
LF:33
LH:0
end_of_record
SF:lib/controllers/store_controller.dart
DA:13,0
DA:27,0
DA:28,0
DA:29,0
DA:30,0
DA:31,0
DA:32,0
DA:33,0
DA:36,0
DA:37,0
DA:38,0
DA:39,0
DA:41,0
DA:42,0
DA:45,0
DA:46,0
DA:47,0
DA:48,0
DA:50,0
DA:53,0
DA:54,0
DA:55,0
DA:58,0
DA:59,0
DA:61,0
DA:62,0
DA:63,0
DA:64,0
DA:65,0
DA:67,0
DA:70,0
DA:75,0
DA:76,0
DA:77,0
DA:79,0
DA:84,0
DA:87,0
DA:88,0
DA:90,0
DA:91,0
DA:92,0
DA:97,0
DA:98,0
DA:100,0
DA:101,0
DA:102,0
DA:103,0
DA:105,0
DA:108,0
DA:109,0
DA:110,0
DA:112,0
DA:116,0
DA:119,0
DA:120,0
DA:122,0
DA:123,0
DA:124,0
LF:58
LH:0
end_of_record
SF:lib/core/models/commercial/plan_item.dart
DA:3,0
DA:37,0
LF:2
LH:0
end_of_record
SF:lib/features/store/store_use_case.dart
DA:10,0
DA:17,0
DA:19,0
DA:20,0
DA:21,0
DA:22,0
DA:24,0
DA:28,0
DA:34,0
DA:35,0
DA:36,0
DA:37,0
DA:38,0
DA:40,0
DA:44,0
DA:49,0
DA:50,0
DA:51,0
DA:52,0
DA:54,0
DA:58,0
DA:60,0
DA:61,0
DA:62,0
DA:63,0
DA:65,0
DA:69,0
DA:74,0
DA:75,0
DA:76,0
DA:77,0
DA:78,0
DA:80,0
DA:84,0
DA:85,0
DA:86,0
LF:36
LH:0
end_of_record
SF:lib/controllers/ticket_controller.dart
DA:11,0
DA:23,0
DA:24,0
DA:25,0
DA:26,0
DA:27,0
DA:30,0
DA:31,0
DA:32,0
DA:33,0
DA:35,0
DA:36,0
DA:39,0
DA:40,0
DA:41,0
DA:42,0
DA:44,0
DA:47,0
DA:48,0
DA:49,0
DA:50,0
DA:52,0
DA:53,0
DA:56,0
DA:57,0
DA:58,0
DA:59,0
DA:61,0
DA:64,0
DA:69,0
DA:70,0
DA:71,0
DA:73,0
DA:74,0
DA:76,0
DA:80,0
DA:83,0
DA:84,0
DA:86,0
DA:87,0
DA:88,0
DA:93,0
DA:94,0
DA:95,0
DA:96,0
DA:98,0
DA:99,0
DA:102,0
DA:103,0
DA:105,0
DA:106,0
DA:107,0
DA:112,0
DA:113,0
DA:115,0
DA:116,0
DA:118,0
DA:119,0
DA:120,0
LF:59
LH:0
end_of_record
SF:lib/core/models/commercial/ticket.dart
DA:10,0
DA:11,0
DA:22,0
DA:23,0
DA:28,0
DA:48,0
DA:53,0
DA:70,0
LF:8
LH:0
end_of_record
SF:lib/features/ticket/ticket_use_case.dart
DA:9,0
DA:16,0
DA:18,0
DA:19,0
DA:20,0
DA:21,0
DA:23,0
DA:27,0
DA:29,0
DA:30,0
DA:31,0
DA:32,0
DA:34,0
DA:38,0
DA:40,0
DA:41,0
DA:42,0
DA:43,0
DA:45,0
DA:49,0
DA:54,0
DA:55,0
DA:56,0
DA:57,0
DA:59,0
DA:63,0
DA:65,0
DA:66,0
DA:67,0
DA:68,0
DA:70,0
DA:74,0
DA:75,0
DA:76,0
LF:34
LH:0
end_of_record
SF:lib/controllers/traffic_chart_controller.dart
DA:11,0
DA:21,0
DA:22,0
DA:23,0
DA:24,0
DA:25,0
DA:26,0
DA:27,0
DA:30,0
DA:31,0
DA:32,0
DA:33,0
DA:35,0
DA:36,0
DA:39,0
DA:40,0
DA:41,0
DA:42,0
DA:44,0
LF:19
LH:0
end_of_record
SF:lib/features/stat/stat_use_case.dart
DA:10,0
DA:17,0
DA:19,0
DA:20,0
DA:21,0
DA:22,0
DA:24,0
DA:28,0
DA:30,0
DA:31,0
DA:32,0
DA:33,0
DA:35,0
DA:39,0
DA:40,0
DA:41,0
LF:16
LH:0
end_of_record
SF:lib/core/errors/app_error.dart
DA:3,1
DA:5,0
DA:6,0
DA:11,1
DA:17,0
DA:22,0
DA:28,0
DA:34,0
DA:39,0
DA:44,0
DA:50,0
DA:55,0
DA:56,0
DA:61,0
DA:67,0
LF:15
LH:2
end_of_record
SF:lib/core/interfaces/core_engine.dart
DA:42,0
LF:1
LH:0
end_of_record
SF:lib/core/models/panel_site.dart
DA:6,0
DA:23,0
DA:30,0
DA:31,0
LF:4
LH:0
end_of_record
SF:lib/infrastructure/storage/secure_storage.dart
DA:7,0
DA:8,0
DA:18,0
DA:19,0
DA:21,0
DA:23,0
DA:24,0
DA:26,0
DA:28,0
DA:30,0
DA:31,0
DA:33,0
DA:35,0
DA:38,0
DA:39,0
DA:40,0
DA:42,0
LF:17
LH:0
end_of_record
SF:lib/features/node/node_latency_service.dart
DA:13,0
DA:15,0
DA:16,0
DA:17,0
DA:18,0
DA:21,0
DA:22,0
DA:23,0
DA:24,0
DA:26,0
DA:29,0
DA:35,0
DA:39,0
DA:41,0
DA:42,0
DA:43,0
DA:44,0
DA:47,0
DA:48,0
DA:49,0
DA:50,0
DA:51,0
DA:53,0
DA:56,0
DA:57,0
LF:25
LH:0
end_of_record
SF:lib/infrastructure/storage/cache_storage.dart
DA:7,0
DA:8,0
DA:19,0
DA:20,0
DA:22,0
DA:23,0
DA:24,0
DA:25,0
DA:26,0
DA:27,0
DA:28,0
DA:29,0
DA:31,0
DA:37,0
DA:39,0
DA:40,0
DA:42,0
DA:43,0
DA:44,0
DA:49,0
DA:50,0
DA:51,0
DA:52,0
DA:54,0
DA:55,0
DA:56,0
DA:59,0
DA:62,0
DA:63,0
DA:64,0
DA:65,0
DA:68,0
DA:69,0
DA:77,0
DA:78,0
DA:79,0
DA:82,0
DA:83,0
DA:87,0
DA:88,0
DA:99,0
DA:100,0
DA:103,0
DA:104,0
DA:107,0
DA:118,0
DA:119,0
DA:122,0
DA:123,0
DA:127,0
DA:128,0
DA:136,0
DA:137,0
DA:138,0
DA:139,0
DA:140,0
LF:56
LH:0
end_of_record
SF:lib/l10n/app_localizations.dart
DA:65,0
DA:66,0
DA:70,0
DA:71,0
DA:1501,1
DA:1503,0
DA:1505,0
DA:1508,0
DA:1510,0
DA:1512,0
DA:1516,0
DA:1518,0
DA:1519,0
DA:1521,0
DA:1522,0
DA:1523,0
DA:1530,0
DA:1531,0
DA:1532,0
DA:1533,0
DA:1534,0
DA:1537,0
LF:22
LH:1
end_of_record
SF:lib/l10n/app_localizations_en.dart
DA:9,0
DA:11,0
DA:14,0
DA:17,0
DA:20,0
DA:23,0
DA:26,0
DA:29,0
DA:32,0
DA:35,0
DA:38,0
DA:41,0
DA:44,0
DA:47,0
DA:50,0
DA:53,0
DA:56,0
DA:59,0
DA:62,0
DA:65,0
DA:68,0
DA:71,0
DA:74,0
DA:77,0
DA:80,0
DA:84,0
DA:87,0
DA:90,0
DA:93,0
DA:96,0
DA:99,0
DA:102,0
DA:105,0
DA:108,0
DA:111,0
DA:114,0
DA:117,0
DA:120,0
DA:123,0
DA:126,0
DA:129,0
DA:132,0
DA:135,0
DA:138,0
DA:140,0
DA:143,0
DA:146,0
DA:149,0
DA:152,0
DA:155,0
DA:158,0
DA:161,0
DA:164,0
DA:166,0
DA:169,0
DA:172,0
DA:175,0
DA:178,0
DA:181,0
DA:184,0
DA:187,0
DA:190,0
DA:193,0
DA:196,0
DA:199,0
DA:202,0
DA:204,0
DA:207,0
DA:210,0
DA:213,0
DA:216,0
DA:219,0
DA:222,0
DA:225,0
DA:228,0
DA:231,0
DA:234,0
DA:237,0
DA:240,0
DA:243,0
DA:246,0
DA:249,0
DA:252,0
DA:255,0
DA:258,0
DA:261,0
DA:264,0
DA:267,0
DA:270,0
DA:273,0
DA:276,0
DA:279,0
DA:282,0
DA:285,0
DA:288,0
DA:291,0
DA:294,0
DA:297,0
DA:300,0
DA:303,0
DA:306,0
DA:309,0
DA:312,0
DA:316,0
DA:319,0
DA:322,0
DA:325,0
DA:328,0
DA:331,0
DA:334,0
DA:337,0
DA:340,0
DA:343,0
DA:346,0
DA:349,0
DA:352,0
DA:355,0
DA:358,0
DA:361,0
DA:364,0
DA:367,0
DA:370,0
DA:373,0
DA:376,0
DA:379,0
DA:382,0
DA:385,0
DA:388,0
DA:392,0
DA:395,0
DA:398,0
DA:401,0
DA:404,0
DA:407,0
DA:410,0
DA:413,0
DA:416,0
DA:419,0
DA:422,0
DA:425,0
DA:428,0
DA:431,0
DA:434,0
DA:437,0
DA:440,0
DA:443,0
DA:446,0
DA:449,0
DA:452,0
DA:455,0
DA:458,0
DA:461,0
DA:464,0
DA:467,0
DA:470,0
DA:473,0
DA:476,0
DA:479,0
DA:482,0
DA:485,0
DA:488,0
DA:491,0
DA:494,0
DA:497,0
DA:500,0
DA:503,0
DA:506,0
DA:509,0
DA:512,0
DA:515,0
DA:518,0
DA:521,0
DA:524,0
DA:527,0
DA:530,0
DA:533,0
DA:536,0
DA:539,0
DA:542,0
DA:545,0
DA:549,0
DA:552,0
DA:555,0
DA:558,0
DA:562,0
DA:565,0
DA:568,0
DA:571,0
DA:574,0
DA:577,0
DA:580,0
DA:583,0
DA:586,0
DA:589,0
DA:592,0
DA:595,0
DA:598,0
DA:601,0
DA:604,0
DA:607,0
DA:610,0
DA:613,0
DA:616,0
DA:619,0
DA:622,0
DA:625,0
DA:628,0
DA:631,0
DA:634,0
DA:637,0
DA:640,0
DA:643,0
DA:646,0
DA:649,0
DA:652,0
DA:655,0
DA:658,0
DA:661,0
DA:664,0
DA:667,0
DA:670,0
DA:673,0
DA:676,0
DA:680,0
DA:683,0
DA:686,0
DA:689,0
DA:692,0
DA:695,0
DA:698,0
DA:701,0
DA:704,0
DA:707,0
DA:710,0
DA:713,0
DA:716,0
DA:718,0
DA:721,0
LF:238
LH:0
end_of_record
SF:lib/l10n/app_localizations_zh.dart
DA:9,0
DA:11,0
DA:14,0
DA:17,0
DA:20,0
DA:23,0
DA:26,0
DA:29,0
DA:32,0
DA:35,0
DA:38,0
DA:41,0
DA:44,0
DA:47,0
DA:50,0
DA:53,0
DA:56,0
DA:59,0
DA:62,0
DA:65,0
DA:68,0
DA:71,0
DA:74,0
DA:77,0
DA:80,0
DA:83,0
DA:86,0
DA:89,0
DA:92,0
DA:95,0
DA:98,0
DA:101,0
DA:104,0
DA:107,0
DA:110,0
DA:113,0
DA:116,0
DA:119,0
DA:122,0
DA:125,0
DA:128,0
DA:131,0
DA:134,0
DA:137,0
DA:139,0
DA:142,0
DA:145,0
DA:148,0
DA:151,0
DA:154,0
DA:157,0
DA:160,0
DA:163,0
DA:165,0
DA:168,0
DA:171,0
DA:174,0
DA:177,0
DA:180,0
DA:183,0
DA:186,0
DA:189,0
DA:192,0
DA:195,0
DA:198,0
DA:201,0
DA:203,0
DA:206,0
DA:209,0
DA:212,0
DA:215,0
DA:218,0
DA:221,0
DA:224,0
DA:227,0
DA:230,0
DA:233,0
DA:236,0
DA:239,0
DA:242,0
DA:245,0
DA:248,0
DA:251,0
DA:254,0
DA:257,0
DA:260,0
DA:263,0
DA:266,0
DA:269,0
DA:272,0
DA:275,0
DA:278,0
DA:281,0
DA:284,0
DA:287,0
DA:290,0
DA:293,0
DA:296,0
DA:299,0
DA:302,0
DA:305,0
DA:308,0
DA:311,0
DA:314,0
DA:317,0
DA:320,0
DA:323,0
DA:326,0
DA:329,0
DA:332,0
DA:335,0
DA:338,0
DA:341,0
DA:344,0
DA:347,0
DA:350,0
DA:353,0
DA:356,0
DA:359,0
DA:362,0
DA:365,0
DA:368,0
DA:371,0
DA:374,0
DA:377,0
DA:380,0
DA:383,0
DA:386,0
DA:389,0
DA:392,0
DA:395,0
DA:398,0
DA:401,0
DA:404,0
DA:407,0
DA:410,0
DA:413,0
DA:416,0
DA:419,0
DA:422,0
DA:425,0
DA:428,0
DA:431,0
DA:434,0
DA:437,0
DA:440,0
DA:443,0
DA:446,0
DA:449,0
DA:452,0
DA:455,0
DA:458,0
DA:461,0
DA:464,0
DA:467,0
DA:470,0
DA:473,0
DA:476,0
DA:479,0
DA:482,0
DA:485,0
DA:488,0
DA:491,0
DA:494,0
DA:497,0
DA:500,0
DA:503,0
DA:506,0
DA:509,0
DA:512,0
DA:515,0
DA:518,0
DA:521,0
DA:524,0
DA:527,0
DA:530,0
DA:533,0
DA:536,0
DA:539,0
DA:542,0
DA:545,0
DA:548,0
DA:551,0
DA:554,0
DA:557,0
DA:560,0
DA:563,0
DA:566,0
DA:569,0
DA:572,0
DA:575,0
DA:578,0
DA:581,0
DA:584,0
DA:587,0
DA:590,0
DA:593,0
DA:596,0
DA:599,0
DA:602,0
DA:605,0
DA:608,0
DA:611,0
DA:614,0
DA:617,0
DA:620,0
DA:623,0
DA:626,0
DA:629,0
DA:632,0
DA:635,0
DA:638,0
DA:641,0
DA:644,0
DA:647,0
DA:650,0
DA:653,0
DA:656,0
DA:659,0
DA:662,0
DA:665,0
DA:668,0
DA:671,0
DA:674,0
DA:677,0
DA:680,0
DA:683,0
DA:686,0
DA:689,0
DA:692,0
DA:695,0
DA:698,0
DA:701,0
DA:704,0
DA:707,0
DA:710,0
DA:712,0
DA:715,0
DA:721,0
DA:723,0
DA:726,0
DA:729,0
DA:732,0
DA:735,0
DA:738,0
DA:741,0
DA:744,0
DA:747,0
DA:750,0
DA:753,0
DA:756,0
DA:759,0
DA:762,0
DA:765,0
DA:768,0
DA:771,0
DA:774,0
DA:777,0
DA:780,0
DA:783,0
DA:786,0
DA:789,0
DA:792,0
DA:795,0
DA:798,0
DA:801,0
DA:804,0
DA:807,0
DA:810,0
DA:813,0
DA:816,0
DA:819,0
DA:822,0
DA:825,0
DA:828,0
DA:831,0
DA:834,0
DA:837,0
DA:840,0
DA:843,0
DA:846,0
DA:849,0
DA:851,0
DA:854,0
DA:857,0
DA:860,0
DA:863,0
DA:866,0
DA:869,0
DA:872,0
DA:875,0
DA:877,0
DA:880,0
DA:883,0
DA:886,0
DA:889,0
DA:892,0
DA:895,0
DA:898,0
DA:901,0
DA:904,0
DA:907,0
DA:910,0
DA:913,0
DA:915,0
DA:918,0
DA:921,0
DA:924,0
DA:927,0
DA:930,0
DA:933,0
DA:936,0
DA:939,0
DA:942,0
DA:945,0
DA:948,0
DA:951,0
DA:954,0
DA:957,0
DA:960,0
DA:963,0
DA:966,0
DA:969,0
DA:972,0
DA:975,0
DA:978,0
DA:981,0
DA:984,0
DA:987,0
DA:990,0
DA:993,0
DA:996,0
DA:999,0
DA:1002,0
DA:1005,0
DA:1008,0
DA:1011,0
DA:1014,0
DA:1017,0
DA:1020,0
DA:1023,0
DA:1026,0
DA:1029,0
DA:1032,0
DA:1035,0
DA:1038,0
DA:1041,0
DA:1044,0
DA:1047,0
DA:1050,0
DA:1053,0
DA:1056,0
DA:1059,0
DA:1062,0
DA:1065,0
DA:1068,0
DA:1071,0
DA:1074,0
DA:1077,0
DA:1080,0
DA:1083,0
DA:1086,0
DA:1089,0
DA:1092,0
DA:1095,0
DA:1098,0
DA:1101,0
DA:1104,0
DA:1107,0
DA:1110,0
DA:1113,0
DA:1116,0
DA:1119,0
DA:1122,0
DA:1125,0
DA:1128,0
DA:1131,0
DA:1134,0
DA:1137,0
DA:1140,0
DA:1143,0
DA:1146,0
DA:1149,0
DA:1152,0
DA:1155,0
DA:1158,0
DA:1161,0
DA:1164,0
DA:1167,0
DA:1170,0
DA:1173,0
DA:1176,0
DA:1179,0
DA:1182,0
DA:1185,0
DA:1188,0
DA:1191,0
DA:1194,0
DA:1197,0
DA:1200,0
DA:1203,0
DA:1206,0
DA:1209,0
DA:1212,0
DA:1215,0
DA:1218,0
DA:1221,0
DA:1224,0
DA:1227,0
DA:1230,0
DA:1233,0
DA:1236,0
DA:1239,0
DA:1242,0
DA:1245,0
DA:1248,0
DA:1251,0
DA:1254,0
DA:1257,0
DA:1260,0
DA:1263,0
DA:1266,0
DA:1269,0
DA:1272,0
DA:1275,0
DA:1278,0
DA:1281,0
DA:1284,0
DA:1287,0
DA:1290,0
DA:1293,0
DA:1296,0
DA:1299,0
DA:1302,0
DA:1305,0
DA:1308,0
DA:1311,0
DA:1314,0
DA:1317,0
DA:1320,0
DA:1323,0
DA:1326,0
DA:1329,0
DA:1332,0
DA:1335,0
DA:1338,0
DA:1341,0
DA:1344,0
DA:1347,0
DA:1350,0
DA:1353,0
DA:1356,0
DA:1359,0
DA:1362,0
DA:1365,0
DA:1368,0
DA:1371,0
DA:1374,0
DA:1377,0
DA:1380,0
DA:1383,0
DA:1386,0
DA:1389,0
DA:1392,0
DA:1395,0
DA:1398,0
DA:1401,0
DA:1404,0
DA:1407,0
DA:1410,0
DA:1413,0
DA:1416,0
DA:1419,0
DA:1422,0
DA:1424,0
DA:1427,0
LF:476
LH:0
end_of_record
SF:lib/skins/brand_x/brand_x_home_page.dart
DA:16,0
DA:20,0
DA:22,0
DA:23,0
DA:30,1
DA:32,0
DA:34,0
DA:35,0
DA:36,0
DA:38,0
DA:39,0
DA:40,0
DA:41,0
DA:43,0
DA:44,0
DA:46,0
DA:48,0
DA:50,0
DA:52,0
DA:63,0
DA:73,0
DA:75,0
DA:76,0
DA:77,0
DA:78,0
DA:79,0
DA:80,0
DA:83,0
DA:87,0
DA:89,0
DA:90,0
DA:91,0
DA:93,0
DA:94,0
DA:95,0
DA:97,0
DA:98,0
DA:99,0
DA:100,0
DA:101,0
DA:102,0
DA:116,0
DA:126,0
DA:128,0
DA:129,0
DA:130,0
DA:132,0
DA:133,0
DA:135,0
DA:137,0
DA:140,0
DA:145,0
DA:147,0
DA:149,0
DA:150,0
DA:151,0
DA:153,0
DA:154,0
DA:155,0
DA:158,0
DA:159,0
DA:161,0
DA:162,0
DA:168,0
DA:170,0
DA:172,0
DA:174,0
DA:177,0
DA:180,0
DA:182,0
DA:183,0
DA:185,0
DA:186,0
DA:187,0
DA:188,0
DA:201,0
DA:211,0
DA:212,0
DA:213,0
DA:214,0
DA:215,0
DA:217,0
DA:221,0
DA:223,0
DA:224,0
DA:227,0
DA:229,0
DA:230,0
DA:232,0
DA:233,0
DA:236,0
DA:238,0
DA:239,0
DA:248,0
DA:258,0
DA:260,0
DA:262,0
DA:263,0
DA:264,0
DA:266,0
DA:267,0
DA:268,0
DA:270,0
DA:271,0
DA:272,0
DA:273,0
DA:285,0
DA:295,0
DA:297,0
DA:298,0
DA:299,0
DA:301,0
DA:302,0
DA:303,0
DA:304,0
DA:305,0
DA:306,0
DA:307,0
DA:313,0
DA:314,0
DA:315,0
DA:318,0
DA:319,0
DA:320,0
DA:322,0
DA:324,0
DA:329,0
DA:330,0
DA:332,0
DA:333,0
DA:334,0
DA:335,0
DA:336,0
DA:341,0
DA:342,0
DA:343,0
DA:344,0
DA:345,0
DA:352,0
DA:354,0
LF:140
LH:1
end_of_record
SF:lib/skins/theme_token_provider.dart
DA:7,1
DA:85,0
DA:87,0
DA:119,0
DA:120,0
DA:121,0
DA:122,0
DA:123,0
DA:124,0
DA:125,0
DA:126,0
DA:127,0
DA:128,0
DA:129,0
DA:130,0
DA:131,0
DA:132,0
DA:133,0
DA:134,0
DA:135,0
DA:136,0
DA:137,0
DA:138,0
DA:139,0
DA:140,0
DA:141,0
DA:142,0
DA:143,0
DA:144,0
DA:145,0
DA:146,0
DA:147,0
DA:148,0
DA:149,0
DA:156,0
DA:164,0
DA:165,0
DA:168,0
DA:170,0
DA:171,0
DA:172,0
DA:173,0
DA:174,0
DA:175,0
DA:176,0
DA:177,0
DA:180,0
DA:183,0
DA:184,0
DA:185,0
DA:186,0
DA:187,0
DA:188,0
DA:189,0
DA:194,0
DA:195,0
DA:196,0
DA:197,0
DA:198,0
DA:199,0
DA:200,0
DA:201,0
DA:205,0
DA:206,0
DA:207,0
DA:208,0
DA:209,0
DA:210,0
DA:214,0
DA:215,0
DA:216,0
DA:217,0
DA:218,0
DA:219,0
DA:221,0
DA:224,0
DA:225,0
DA:226,0
DA:227,0
DA:228,0
DA:232,0
DA:234,0
DA:235,0
DA:236,0
DA:239,0
DA:240,0
DA:241,0
DA:244,0
DA:245,0
DA:247,0
DA:249,0
DA:250,0
DA:252,0
DA:253,0
DA:259,0
DA:261,0
LF:96
LH:1
end_of_record
SF:lib/skins/brand_x/brand_x_login_page.dart
DA:16,0
DA:20,0
DA:22,0
DA:23,0
DA:30,1
DA:32,0
DA:33,0
DA:41,0
DA:43,0
DA:44,0
DA:45,0
DA:48,0
DA:50,0
DA:51,0
DA:52,0
DA:54,0
DA:55,0
DA:56,0
DA:57,0
DA:58,0
DA:59,0
DA:61,0
DA:62,0
DA:64,0
DA:67,0
DA:68,0
DA:69,0
DA:70,0
DA:73,0
DA:77,0
DA:78,0
DA:79,0
DA:83,0
DA:95,0
DA:100,0
DA:102,0
DA:104,0
DA:105,0
DA:108,0
DA:109,0
DA:110,0
DA:111,0
DA:120,0
DA:121,0
DA:122,0
DA:124,0
DA:125,0
DA:128,0
DA:129,0
DA:132,0
DA:134,0
DA:139,0
DA:140,0
DA:141,0
DA:142,0
DA:145,0
DA:149,0
DA:150,0
DA:151,0
DA:152,0
DA:165,0
DA:181,0
DA:183,0
DA:185,0
DA:186,0
DA:187,0
DA:188,0
DA:189,0
DA:190,0
DA:196,0
DA:198,0
DA:199,0
DA:200,0
DA:201,0
DA:202,0
DA:208,0
DA:209,0
DA:210,0
DA:211,0
DA:215,0
DA:216,0
DA:217,0
DA:218,0
DA:224,0
DA:225,0
DA:226,0
DA:227,0
DA:228,0
DA:229,0
DA:230,0
DA:231,0
DA:232,0
DA:235,0
DA:245,0
DA:261,0
DA:263,0
DA:264,0
DA:265,0
DA:266,0
DA:267,0
DA:268,0
DA:269,0
DA:270,0
DA:271,0
DA:273,0
DA:276,0
DA:277,0
DA:280,0
DA:281,0
DA:283,0
DA:291,0
DA:303,0
DA:305,0
DA:306,0
DA:309,0
DA:310,0
DA:311,0
DA:312,0
DA:313,0
DA:315,0
DA:316,0
DA:320,0
DA:323,0
DA:325,0
DA:328,0
DA:329,0
DA:341,0
DA:346,0
DA:348,0
DA:350,0
DA:351,0
DA:352,0
DA:353,0
DA:355,0
DA:356,0
DA:357,0
DA:358,0
DA:359,0
DA:360,0
DA:367,0
DA:368,0
DA:369,0
DA:370,0
DA:371,0
DA:372,0
LF:145
LH:1
end_of_record
SF:lib/skins/brand_x/brand_x_page_factory.dart
DA:13,0
DA:14,0
DA:16,0
DA:17,0
LF:4
LH:0
end_of_record
SF:lib/skins/skin_page_factory.dart
DA:20,0
DA:21,0
DA:22,0
DA:23,0
DA:24,0
DA:25,0
DA:26,0
DA:27,0
DA:28,0
DA:29,0
DA:30,0
DA:31,0
DA:32,0
DA:33,0
DA:34,0
DA:35,0
DA:36,0
DA:37,0
DA:38,0
DA:39,0
DA:40,0
DA:41,0
LF:22
LH:0
end_of_record
